F:\Sigve\Programming\GraphicsFramework\Graphics\Release\cl.command.1.tlog
F:\Sigve\Programming\GraphicsFramework\Graphics\Release\CL.read.1.tlog
F:\Sigve\Programming\GraphicsFramework\Graphics\Release\CL.write.1.tlog
F:\SIGVE\PROGRAMMING\GRAPHICSFRAMEWORK\GRAPHICS\RELEASE\GRAPHICS.EXE.INTERMEDIATE.MANIFEST
F:\SIGVE\PROGRAMMING\GRAPHICSFRAMEWORK\GRAPHICS\RELEASE\GRAPHICS.OBJ
F:\Sigve\Programming\GraphicsFramework\Graphics\Release\link.command.1.tlog
F:\Sigve\Programming\GraphicsFramework\Graphics\Release\link.read.1.tlog
F:\Sigve\Programming\GraphicsFramework\Graphics\Release\link.write.1.tlog
F:\SIGVE\PROGRAMMING\GRAPHICSFRAMEWORK\GRAPHICS\RELEASE\LOADINGRENDERER.OBJ
F:\SIGVE\PROGRAMMING\GRAPHICSFRAMEWORK\GRAPHICS\RELEASE\LOADINGTHREAD.OBJ
F:\SIGVE\PROGRAMMING\GRAPHICSFRAMEWORK\GRAPHICS\RELEASE\MENURENDERER.OBJ
F:\Sigve\Programming\GraphicsFramework\Graphics\Release\mt.command.1.tlog
F:\Sigve\Programming\GraphicsFramework\Graphics\Release\mt.read.1.tlog
F:\Sigve\Programming\GraphicsFramework\Graphics\Release\mt.write.1.tlog
F:\SIGVE\PROGRAMMING\GRAPHICSFRAMEWORK\GRAPHICS\RELEASE\PARTICLEEMITTER.OBJ
F:\SIGVE\PROGRAMMING\GRAPHICSFRAMEWORK\GRAPHICS\RELEASE\RENDERER.OBJ
F:\SIGVE\PROGRAMMING\GRAPHICSFRAMEWORK\GRAPHICS\RELEASE\SPELLS.OBJ
F:\SIGVE\PROGRAMMING\GRAPHICSFRAMEWORK\GRAPHICS\RELEASE\VC100.PDB
F:\SIGVE\PROGRAMMING\GRAPHICSFRAMEWORK\GRAPHICS\RELEASE\WEATHEREMITTER.OBJ
F:\SIGVE\PROGRAMMING\GRAPHICSFRAMEWORK\RELEASE\GRAPHICS.EXE
F:\SIGVE\PROGRAMMING\GRAPHICSFRAMEWORK\RELEASE\GRAPHICS.PDB
H:\SIGVE\PROGRAMMING\GRAPHICSFRAMEWORK\GRAPHICS\RELEASE\GRAPHICS.EXE.INTERMEDIATE.MANIFEST
H:\SIGVE\PROGRAMMING\GRAPHICSFRAMEWORK\GRAPHICS\RELEASE\GRAPHICS.OBJ
H:\SIGVE\PROGRAMMING\GRAPHICSFRAMEWORK\GRAPHICS\RELEASE\LOADINGRENDERER.OBJ
H:\SIGVE\PROGRAMMING\GRAPHICSFRAMEWORK\GRAPHICS\RELEASE\LOADINGTHREAD.OBJ
H:\SIGVE\PROGRAMMING\GRAPHICSFRAMEWORK\GRAPHICS\RELEASE\MENURENDERER.OBJ
H:\SIGVE\PROGRAMMING\GRAPHICSFRAMEWORK\GRAPHICS\RELEASE\PARTICLEEMITTER.OBJ
H:\SIGVE\PROGRAMMING\GRAPHICSFRAMEWORK\GRAPHICS\RELEASE\RENDERER.OBJ
H:\SIGVE\PROGRAMMING\GRAPHICSFRAMEWORK\GRAPHICS\RELEASE\SPELLS.OBJ
H:\SIGVE\PROGRAMMING\GRAPHICSFRAMEWORK\GRAPHICS\RELEASE\VC100.PDB
H:\SIGVE\PROGRAMMING\GRAPHICSFRAMEWORK\GRAPHICS\RELEASE\WEATHEREMITTER.OBJ
H:\SIGVE\PROGRAMMING\GRAPHICSFRAMEWORK\RELEASE\GRAPHICS.EXE
H:\SIGVE\PROGRAMMING\GRAPHICSFRAMEWORK\RELEASE\GRAPHICS.PDB
