D:\CSC8506TEAM2\GRAPHICSFRAMEWORK\DEBUG\FRAMEWORK.LIB
D:\CSC8506TEAM2\GRAPHICSFRAMEWORK\FRAMEWORK\DEBUG\ASTARTHREAD.OBJ
D:\CSC8506TEAM2\GRAPHICSFRAMEWORK\FRAMEWORK\DEBUG\CAMERA.OBJ
D:\csc8506Team2\GraphicsFramework\Framework\Debug\cl.command.1.tlog
D:\csc8506Team2\GraphicsFramework\Framework\Debug\CL.read.1.tlog
D:\csc8506Team2\GraphicsFramework\Framework\Debug\CL.write.1.tlog
D:\CSC8506TEAM2\GRAPHICSFRAMEWORK\FRAMEWORK\DEBUG\CLOTH.OBJ
D:\CSC8506TEAM2\GRAPHICSFRAMEWORK\FRAMEWORK\DEBUG\COLLISIONDETECTION.OBJ
D:\CSC8506TEAM2\GRAPHICSFRAMEWORK\FRAMEWORK\DEBUG\COLLISIONRESPONSE.OBJ
D:\CSC8506TEAM2\GRAPHICSFRAMEWORK\FRAMEWORK\DEBUG\DEBUGDRAW2D.OBJ
D:\CSC8506TEAM2\GRAPHICSFRAMEWORK\FRAMEWORK\DEBUG\DEBUGDRAW3D.OBJ
D:\CSC8506TEAM2\GRAPHICSFRAMEWORK\FRAMEWORK\DEBUG\ENEMY.OBJ
D:\CSC8506TEAM2\GRAPHICSFRAMEWORK\FRAMEWORK\DEBUG\FLOCK.OBJ
D:\CSC8506TEAM2\GRAPHICSFRAMEWORK\FRAMEWORK\DEBUG\FRUSTUM.OBJ
D:\CSC8506TEAM2\GRAPHICSFRAMEWORK\FRAMEWORK\DEBUG\GAMEDATA.OBJ
D:\CSC8506TEAM2\GRAPHICSFRAMEWORK\FRAMEWORK\DEBUG\GAMETIMER.OBJ
D:\CSC8506TEAM2\GRAPHICSFRAMEWORK\FRAMEWORK\DEBUG\HEIGHTMAP.OBJ
D:\CSC8506TEAM2\GRAPHICSFRAMEWORK\FRAMEWORK\DEBUG\KEYBOARD.OBJ
D:\csc8506Team2\GraphicsFramework\Framework\Debug\lib.command.1.tlog
D:\csc8506Team2\GraphicsFramework\Framework\Debug\Lib-link.read.1.tlog
D:\csc8506Team2\GraphicsFramework\Framework\Debug\Lib-link.write.1.tlog
D:\CSC8506TEAM2\GRAPHICSFRAMEWORK\FRAMEWORK\DEBUG\LOADINGCAMERA.OBJ
D:\CSC8506TEAM2\GRAPHICSFRAMEWORK\FRAMEWORK\DEBUG\MATRIX3.OBJ
D:\CSC8506TEAM2\GRAPHICSFRAMEWORK\FRAMEWORK\DEBUG\MATRIX4.OBJ
D:\CSC8506TEAM2\GRAPHICSFRAMEWORK\FRAMEWORK\DEBUG\MD5ANIM.OBJ
D:\CSC8506TEAM2\GRAPHICSFRAMEWORK\FRAMEWORK\DEBUG\MD5MESH.OBJ
D:\CSC8506TEAM2\GRAPHICSFRAMEWORK\FRAMEWORK\DEBUG\MESH.OBJ
D:\CSC8506TEAM2\GRAPHICSFRAMEWORK\FRAMEWORK\DEBUG\MINIMAPCAMERA.OBJ
D:\CSC8506TEAM2\GRAPHICSFRAMEWORK\FRAMEWORK\DEBUG\MOUSE.OBJ
D:\CSC8506TEAM2\GRAPHICSFRAMEWORK\FRAMEWORK\DEBUG\MUTEX_CLASS.OBJ
D:\CSC8506TEAM2\GRAPHICSFRAMEWORK\FRAMEWORK\DEBUG\OBJMESH.OBJ
D:\CSC8506TEAM2\GRAPHICSFRAMEWORK\FRAMEWORK\DEBUG\OCTREE.OBJ
D:\CSC8506TEAM2\GRAPHICSFRAMEWORK\FRAMEWORK\DEBUG\OGGSOUND.OBJ
D:\CSC8506TEAM2\GRAPHICSFRAMEWORK\FRAMEWORK\DEBUG\OGLRENDERER.OBJ
D:\CSC8506TEAM2\GRAPHICSFRAMEWORK\FRAMEWORK\DEBUG\PHYSICSTHREAD.OBJ
D:\CSC8506TEAM2\GRAPHICSFRAMEWORK\FRAMEWORK\DEBUG\PLANE.OBJ
D:\CSC8506TEAM2\GRAPHICSFRAMEWORK\FRAMEWORK\DEBUG\POOKA.OBJ
D:\CSC8506TEAM2\GRAPHICSFRAMEWORK\FRAMEWORK\DEBUG\QUATERNION.OBJ
D:\CSC8506TEAM2\GRAPHICSFRAMEWORK\FRAMEWORK\DEBUG\RAY.OBJ
D:\CSC8506TEAM2\GRAPHICSFRAMEWORK\FRAMEWORK\DEBUG\RIGIDBODY.OBJ
D:\CSC8506TEAM2\GRAPHICSFRAMEWORK\FRAMEWORK\DEBUG\SCENENODE.OBJ
D:\CSC8506TEAM2\GRAPHICSFRAMEWORK\FRAMEWORK\DEBUG\SHADER.OBJ
D:\CSC8506TEAM2\GRAPHICSFRAMEWORK\FRAMEWORK\DEBUG\SOUND.OBJ
D:\CSC8506TEAM2\GRAPHICSFRAMEWORK\FRAMEWORK\DEBUG\SOUNDNODE.OBJ
D:\CSC8506TEAM2\GRAPHICSFRAMEWORK\FRAMEWORK\DEBUG\SOUNDSYSTEM.OBJ
D:\CSC8506TEAM2\GRAPHICSFRAMEWORK\FRAMEWORK\DEBUG\STATEMACHINE.OBJ
D:\CSC8506TEAM2\GRAPHICSFRAMEWORK\FRAMEWORK\DEBUG\TEXTMESH.OBJ
D:\CSC8506TEAM2\GRAPHICSFRAMEWORK\FRAMEWORK\DEBUG\THREAD.OBJ
D:\csc8506Team2\GraphicsFramework\Framework\Debug\vc100.idb
D:\CSC8506TEAM2\GRAPHICSFRAMEWORK\FRAMEWORK\DEBUG\VC100.PDB
D:\CSC8506TEAM2\GRAPHICSFRAMEWORK\FRAMEWORK\DEBUG\WINDOW.OBJ
D:\CSC8506TEAM2\GRAPHICSFRAMEWORK\FRAMEWORK\DEBUG\XMLPARSER.OBJ
