F:\SIGVE\PROGRAMMING\GRAPHICSFRAMEWORK\FRAMEWORK\RELEASE\ASTARTHREAD.OBJ
F:\SIGVE\PROGRAMMING\GRAPHICSFRAMEWORK\FRAMEWORK\RELEASE\CAMERA.OBJ
F:\Sigve\Programming\GraphicsFramework\Framework\Release\cl.command.1.tlog
F:\Sigve\Programming\GraphicsFramework\Framework\Release\CL.read.1.tlog
F:\Sigve\Programming\GraphicsFramework\Framework\Release\CL.write.1.tlog
F:\SIGVE\PROGRAMMING\GRAPHICSFRAMEWORK\FRAMEWORK\RELEASE\CLOTH.OBJ
F:\SIGVE\PROGRAMMING\GRAPHICSFRAMEWORK\FRAMEWORK\RELEASE\COLLISIONDETECTION.OBJ
F:\SIGVE\PROGRAMMING\GRAPHICSFRAMEWORK\FRAMEWORK\RELEASE\COLLISIONRESPONSE.OBJ
F:\SIGVE\PROGRAMMING\GRAPHICSFRAMEWORK\FRAMEWORK\RELEASE\DEBUGDRAW2D.OBJ
F:\SIGVE\PROGRAMMING\GRAPHICSFRAMEWORK\FRAMEWORK\RELEASE\DEBUGDRAW3D.OBJ
F:\SIGVE\PROGRAMMING\GRAPHICSFRAMEWORK\FRAMEWORK\RELEASE\ENEMY.OBJ
F:\SIGVE\PROGRAMMING\GRAPHICSFRAMEWORK\FRAMEWORK\RELEASE\FLOCK.OBJ
F:\SIGVE\PROGRAMMING\GRAPHICSFRAMEWORK\FRAMEWORK\RELEASE\FRUSTUM.OBJ
F:\SIGVE\PROGRAMMING\GRAPHICSFRAMEWORK\FRAMEWORK\RELEASE\GAMEDATA.OBJ
F:\SIGVE\PROGRAMMING\GRAPHICSFRAMEWORK\FRAMEWORK\RELEASE\GAMETIMER.OBJ
F:\SIGVE\PROGRAMMING\GRAPHICSFRAMEWORK\FRAMEWORK\RELEASE\HEIGHTMAP.OBJ
F:\SIGVE\PROGRAMMING\GRAPHICSFRAMEWORK\FRAMEWORK\RELEASE\KEYBOARD.OBJ
F:\Sigve\Programming\GraphicsFramework\Framework\Release\lib.command.1.tlog
F:\Sigve\Programming\GraphicsFramework\Framework\Release\Lib-link.read.1.tlog
F:\Sigve\Programming\GraphicsFramework\Framework\Release\Lib-link.write.1.tlog
F:\SIGVE\PROGRAMMING\GRAPHICSFRAMEWORK\FRAMEWORK\RELEASE\LOADINGCAMERA.OBJ
F:\SIGVE\PROGRAMMING\GRAPHICSFRAMEWORK\FRAMEWORK\RELEASE\MATRIX3.OBJ
F:\SIGVE\PROGRAMMING\GRAPHICSFRAMEWORK\FRAMEWORK\RELEASE\MATRIX4.OBJ
F:\SIGVE\PROGRAMMING\GRAPHICSFRAMEWORK\FRAMEWORK\RELEASE\MD5ANIM.OBJ
F:\SIGVE\PROGRAMMING\GRAPHICSFRAMEWORK\FRAMEWORK\RELEASE\MD5MESH.OBJ
F:\SIGVE\PROGRAMMING\GRAPHICSFRAMEWORK\FRAMEWORK\RELEASE\MESH.OBJ
F:\SIGVE\PROGRAMMING\GRAPHICSFRAMEWORK\FRAMEWORK\RELEASE\MINIMAPCAMERA.OBJ
F:\SIGVE\PROGRAMMING\GRAPHICSFRAMEWORK\FRAMEWORK\RELEASE\MOUSE.OBJ
F:\SIGVE\PROGRAMMING\GRAPHICSFRAMEWORK\FRAMEWORK\RELEASE\MUTEX_CLASS.OBJ
F:\SIGVE\PROGRAMMING\GRAPHICSFRAMEWORK\FRAMEWORK\RELEASE\OBJMESH.OBJ
F:\SIGVE\PROGRAMMING\GRAPHICSFRAMEWORK\FRAMEWORK\RELEASE\OCTREE.OBJ
F:\SIGVE\PROGRAMMING\GRAPHICSFRAMEWORK\FRAMEWORK\RELEASE\OGGSOUND.OBJ
F:\SIGVE\PROGRAMMING\GRAPHICSFRAMEWORK\FRAMEWORK\RELEASE\OGLRENDERER.OBJ
F:\SIGVE\PROGRAMMING\GRAPHICSFRAMEWORK\FRAMEWORK\RELEASE\PHYSICSTHREAD.OBJ
F:\SIGVE\PROGRAMMING\GRAPHICSFRAMEWORK\FRAMEWORK\RELEASE\PLANE.OBJ
F:\SIGVE\PROGRAMMING\GRAPHICSFRAMEWORK\FRAMEWORK\RELEASE\POOKA.OBJ
F:\SIGVE\PROGRAMMING\GRAPHICSFRAMEWORK\FRAMEWORK\RELEASE\QUATERNION.OBJ
F:\SIGVE\PROGRAMMING\GRAPHICSFRAMEWORK\FRAMEWORK\RELEASE\RAY.OBJ
F:\SIGVE\PROGRAMMING\GRAPHICSFRAMEWORK\FRAMEWORK\RELEASE\RIGIDBODY.OBJ
F:\SIGVE\PROGRAMMING\GRAPHICSFRAMEWORK\FRAMEWORK\RELEASE\SCENENODE.OBJ
F:\SIGVE\PROGRAMMING\GRAPHICSFRAMEWORK\FRAMEWORK\RELEASE\SHADER.OBJ
F:\SIGVE\PROGRAMMING\GRAPHICSFRAMEWORK\FRAMEWORK\RELEASE\SOUND.OBJ
F:\SIGVE\PROGRAMMING\GRAPHICSFRAMEWORK\FRAMEWORK\RELEASE\SOUNDNODE.OBJ
F:\SIGVE\PROGRAMMING\GRAPHICSFRAMEWORK\FRAMEWORK\RELEASE\SOUNDSYSTEM.OBJ
F:\SIGVE\PROGRAMMING\GRAPHICSFRAMEWORK\FRAMEWORK\RELEASE\STATEMACHINE.OBJ
F:\SIGVE\PROGRAMMING\GRAPHICSFRAMEWORK\FRAMEWORK\RELEASE\TEXTMESH.OBJ
F:\SIGVE\PROGRAMMING\GRAPHICSFRAMEWORK\FRAMEWORK\RELEASE\THREAD.OBJ
F:\SIGVE\PROGRAMMING\GRAPHICSFRAMEWORK\FRAMEWORK\RELEASE\VC100.PDB
F:\SIGVE\PROGRAMMING\GRAPHICSFRAMEWORK\FRAMEWORK\RELEASE\WINDOW.OBJ
F:\SIGVE\PROGRAMMING\GRAPHICSFRAMEWORK\FRAMEWORK\RELEASE\XMLPARSER.OBJ
F:\SIGVE\PROGRAMMING\GRAPHICSFRAMEWORK\RELEASE\FRAMEWORK.LIB
H:\SIGVE\PROGRAMMING\GRAPHICSFRAMEWORK\FRAMEWORK\RELEASE\ASTARTHREAD.OBJ
H:\SIGVE\PROGRAMMING\GRAPHICSFRAMEWORK\FRAMEWORK\RELEASE\CAMERA.OBJ
H:\SIGVE\PROGRAMMING\GRAPHICSFRAMEWORK\FRAMEWORK\RELEASE\CLOTH.OBJ
H:\SIGVE\PROGRAMMING\GRAPHICSFRAMEWORK\FRAMEWORK\RELEASE\COLLISIONDETECTION.OBJ
H:\SIGVE\PROGRAMMING\GRAPHICSFRAMEWORK\FRAMEWORK\RELEASE\COLLISIONRESPONSE.OBJ
H:\SIGVE\PROGRAMMING\GRAPHICSFRAMEWORK\FRAMEWORK\RELEASE\DEBUGDRAW2D.OBJ
H:\SIGVE\PROGRAMMING\GRAPHICSFRAMEWORK\FRAMEWORK\RELEASE\DEBUGDRAW3D.OBJ
H:\SIGVE\PROGRAMMING\GRAPHICSFRAMEWORK\FRAMEWORK\RELEASE\ENEMY.OBJ
H:\SIGVE\PROGRAMMING\GRAPHICSFRAMEWORK\FRAMEWORK\RELEASE\FLOCK.OBJ
H:\SIGVE\PROGRAMMING\GRAPHICSFRAMEWORK\FRAMEWORK\RELEASE\FRUSTUM.OBJ
H:\SIGVE\PROGRAMMING\GRAPHICSFRAMEWORK\FRAMEWORK\RELEASE\GAMEDATA.OBJ
H:\SIGVE\PROGRAMMING\GRAPHICSFRAMEWORK\FRAMEWORK\RELEASE\GAMETIMER.OBJ
H:\SIGVE\PROGRAMMING\GRAPHICSFRAMEWORK\FRAMEWORK\RELEASE\HEIGHTMAP.OBJ
H:\SIGVE\PROGRAMMING\GRAPHICSFRAMEWORK\FRAMEWORK\RELEASE\KEYBOARD.OBJ
H:\SIGVE\PROGRAMMING\GRAPHICSFRAMEWORK\FRAMEWORK\RELEASE\LOADINGCAMERA.OBJ
H:\SIGVE\PROGRAMMING\GRAPHICSFRAMEWORK\FRAMEWORK\RELEASE\MATRIX3.OBJ
H:\SIGVE\PROGRAMMING\GRAPHICSFRAMEWORK\FRAMEWORK\RELEASE\MATRIX4.OBJ
H:\SIGVE\PROGRAMMING\GRAPHICSFRAMEWORK\FRAMEWORK\RELEASE\MD5ANIM.OBJ
H:\SIGVE\PROGRAMMING\GRAPHICSFRAMEWORK\FRAMEWORK\RELEASE\MD5MESH.OBJ
H:\SIGVE\PROGRAMMING\GRAPHICSFRAMEWORK\FRAMEWORK\RELEASE\MESH.OBJ
H:\SIGVE\PROGRAMMING\GRAPHICSFRAMEWORK\FRAMEWORK\RELEASE\MINIMAPCAMERA.OBJ
H:\SIGVE\PROGRAMMING\GRAPHICSFRAMEWORK\FRAMEWORK\RELEASE\MOUSE.OBJ
H:\SIGVE\PROGRAMMING\GRAPHICSFRAMEWORK\FRAMEWORK\RELEASE\MUTEX_CLASS.OBJ
H:\SIGVE\PROGRAMMING\GRAPHICSFRAMEWORK\FRAMEWORK\RELEASE\OBJMESH.OBJ
H:\SIGVE\PROGRAMMING\GRAPHICSFRAMEWORK\FRAMEWORK\RELEASE\OCTREE.OBJ
H:\SIGVE\PROGRAMMING\GRAPHICSFRAMEWORK\FRAMEWORK\RELEASE\OGGSOUND.OBJ
H:\SIGVE\PROGRAMMING\GRAPHICSFRAMEWORK\FRAMEWORK\RELEASE\OGLRENDERER.OBJ
H:\SIGVE\PROGRAMMING\GRAPHICSFRAMEWORK\FRAMEWORK\RELEASE\PHYSICSTHREAD.OBJ
H:\SIGVE\PROGRAMMING\GRAPHICSFRAMEWORK\FRAMEWORK\RELEASE\PLANE.OBJ
H:\SIGVE\PROGRAMMING\GRAPHICSFRAMEWORK\FRAMEWORK\RELEASE\POOKA.OBJ
H:\SIGVE\PROGRAMMING\GRAPHICSFRAMEWORK\FRAMEWORK\RELEASE\QUATERNION.OBJ
H:\SIGVE\PROGRAMMING\GRAPHICSFRAMEWORK\FRAMEWORK\RELEASE\RAY.OBJ
H:\SIGVE\PROGRAMMING\GRAPHICSFRAMEWORK\FRAMEWORK\RELEASE\RIGIDBODY.OBJ
H:\SIGVE\PROGRAMMING\GRAPHICSFRAMEWORK\FRAMEWORK\RELEASE\SCENENODE.OBJ
H:\SIGVE\PROGRAMMING\GRAPHICSFRAMEWORK\FRAMEWORK\RELEASE\SHADER.OBJ
H:\SIGVE\PROGRAMMING\GRAPHICSFRAMEWORK\FRAMEWORK\RELEASE\SOUND.OBJ
H:\SIGVE\PROGRAMMING\GRAPHICSFRAMEWORK\FRAMEWORK\RELEASE\SOUNDNODE.OBJ
H:\SIGVE\PROGRAMMING\GRAPHICSFRAMEWORK\FRAMEWORK\RELEASE\SOUNDSYSTEM.OBJ
H:\SIGVE\PROGRAMMING\GRAPHICSFRAMEWORK\FRAMEWORK\RELEASE\STATEMACHINE.OBJ
H:\SIGVE\PROGRAMMING\GRAPHICSFRAMEWORK\FRAMEWORK\RELEASE\TEXTMESH.OBJ
H:\SIGVE\PROGRAMMING\GRAPHICSFRAMEWORK\FRAMEWORK\RELEASE\THREAD.OBJ
H:\SIGVE\PROGRAMMING\GRAPHICSFRAMEWORK\FRAMEWORK\RELEASE\VC100.PDB
H:\SIGVE\PROGRAMMING\GRAPHICSFRAMEWORK\FRAMEWORK\RELEASE\WINDOW.OBJ
H:\SIGVE\PROGRAMMING\GRAPHICSFRAMEWORK\FRAMEWORK\RELEASE\XMLPARSER.OBJ
H:\SIGVE\PROGRAMMING\GRAPHICSFRAMEWORK\RELEASE\FRAMEWORK.LIB
