Build started 13/06/2012 21:41:19.
     1>Project "C:\Sigve\Programming\GraphicsFramework\Framework\Framework.vcxproj" on node 2 (build target(s)).
     1>InitializeBuildStatus:
         Creating "Release\Framework.unsuccessfulbuild" because "AlwaysCreate" was specified.
       ClCompile:
         c:\Program Files (x86)\Microsoft Visual Studio 10.0\VC\bin\CL.exe /c /Zi /nologo /W3 /WX- /O2 /Oi /Oy- /GL /D _MBCS /Gm- /EHsc /MD /GS /Gy /fp:precise /Zc:wchar_t /Zc:forScope /Fo"Release\\" /Fd"Release\vc100.pdb" /Gd /TP /analyze- /errorReport:prompt AStarThread.cpp Camera.cpp Cloth.cpp CollisionDetection.cpp CollisionResponse.cpp DebugDraw2D.cpp DebugDraw3D.cpp Enemy.cpp Flock.cpp Frustum.cpp GameData.cpp GameTimer.cpp HeightMap.cpp Keyboard.cpp LoadingCamera.cpp Matrix3.cpp Matrix4.cpp MD5Anim.cpp MD5Mesh.cpp Mesh.cpp minimapCamera.cpp Mouse.cpp Mutex_class.cpp OBJMesh.cpp Octree.cpp OggSound.cpp PhysicsThread.cpp Plane.cpp Pooka.cpp Ray.cpp RigidBody.cpp SceneNode.cpp Shader.cpp OGLRenderer.cpp Quaternion.cpp Sound.cpp SoundNode.cpp SoundSystem.cpp StateMachine.cpp TextMesh.cpp Thread.cpp Window.cpp XmlParser.cpp
         AStarThread.cpp
         Camera.cpp
     1>Camera.cpp(529): warning C4244: 'argument' : conversion from 'float' to 'unsigned int', possible loss of data
     1>Camera.cpp(529): warning C4244: 'argument' : conversion from 'float' to 'unsigned int', possible loss of data
         Cloth.cpp
         CollisionDetection.cpp
         CollisionResponse.cpp
         DebugDraw2D.cpp
         DebugDraw3D.cpp
         Enemy.cpp
         Flock.cpp
     1>Flock.cpp(29): warning C4244: 'argument' : conversion from 'int' to 'const float', possible loss of data
         Frustum.cpp
         GameData.cpp
         GameTimer.cpp
         HeightMap.cpp
     1>HeightMap.cpp(460): warning C4244: 'argument' : conversion from 'int' to 'const float', possible loss of data
     1>HeightMap.cpp(460): warning C4244: 'argument' : conversion from 'int' to 'const float', possible loss of data
         Keyboard.cpp
         LoadingCamera.cpp
         Matrix3.cpp
         Matrix4.cpp
         MD5Anim.cpp
         MD5Mesh.cpp
         Mesh.cpp
     1>Mesh.cpp(592): warning C4309: '=' : truncation of constant value
         Compiling...
         minimapCamera.cpp
         Mouse.cpp
         Mutex_class.cpp
         OBJMesh.cpp
         Octree.cpp
         OggSound.cpp
     1>OggSound.cpp(19): warning C4996: 'fopen': This function or variable may be unsafe. Consider using fopen_s instead. To disable deprecation, use _CRT_SECURE_NO_WARNINGS. See online help for details.
                 c:\Program Files (x86)\Microsoft Visual Studio 10.0\VC\include\stdio.h(234) : see declaration of 'fopen'
     1>OggSound.cpp(69): warning C4244: 'argument' : conversion from 'float' to 'ALsizei', possible loss of data
         PhysicsThread.cpp
     1>PhysicsThread.cpp(180): warning C4244: 'argument' : conversion from 'float' to 'int', possible loss of data
         Plane.cpp
         Pooka.cpp
         Ray.cpp
         RigidBody.cpp
         SceneNode.cpp
         Shader.cpp
         OGLRenderer.cpp
         Quaternion.cpp
         Sound.cpp
         SoundNode.cpp
     1>SoundNode.cpp(94): warning C4244: 'argument' : conversion from 'double' to 'ALfloat', possible loss of data
         SoundSystem.cpp
         StateMachine.cpp
     1>StateMachine.cpp(118): warning C4244: '+=' : conversion from 'float' to 'int', possible loss of data
         TextMesh.cpp
         Compiling...
         Thread.cpp
         Window.cpp
         XmlParser.cpp
     1>XmlParser.cpp(197): warning C4996: 'localtime': This function or variable may be unsafe. Consider using localtime_s instead. To disable deprecation, use _CRT_SECURE_NO_WARNINGS. See online help for details.
                 c:\Program Files (x86)\Microsoft Visual Studio 10.0\VC\include\time.inl(112) : see declaration of 'localtime'
     1>XmlParser.cpp(256): warning C4996: 'localtime': This function or variable may be unsafe. Consider using localtime_s instead. To disable deprecation, use _CRT_SECURE_NO_WARNINGS. See online help for details.
                 c:\Program Files (x86)\Microsoft Visual Studio 10.0\VC\include\time.inl(112) : see declaration of 'localtime'
       Lib:
         c:\Program Files (x86)\Microsoft Visual Studio 10.0\VC\bin\Lib.exe /OUT:"C:\Sigve\Programming\GraphicsFramework\Release\Framework.lib" /NOLOGO /LTCG Release\AStarThread.obj
         Release\Camera.obj
         Release\Cloth.obj
         Release\CollisionDetection.obj
         Release\CollisionResponse.obj
         Release\DebugDraw2D.obj
         Release\DebugDraw3D.obj
         Release\Enemy.obj
         Release\Flock.obj
         Release\Frustum.obj
         Release\GameData.obj
         Release\GameTimer.obj
         Release\HeightMap.obj
         Release\Keyboard.obj
         Release\LoadingCamera.obj
         Release\Matrix3.obj
         Release\Matrix4.obj
         Release\MD5Anim.obj
         Release\MD5Mesh.obj
         Release\Mesh.obj
         Release\minimapCamera.obj
         Release\Mouse.obj
         Release\Mutex_class.obj
         Release\OBJMesh.obj
         Release\Octree.obj
         Release\OggSound.obj
         Release\PhysicsThread.obj
         Release\Plane.obj
         Release\Pooka.obj
         Release\Ray.obj
         Release\RigidBody.obj
         Release\SceneNode.obj
         Release\Shader.obj
         Release\OGLRenderer.obj
         Release\Quaternion.obj
         Release\Sound.obj
         Release\SoundNode.obj
         Release\SoundSystem.obj
         Release\StateMachine.obj
         Release\TextMesh.obj
         Release\Thread.obj
         Release\Window.obj
         Release\XmlParser.obj
         Framework.vcxproj -> C:\Sigve\Programming\GraphicsFramework\Release\Framework.lib
       FinalizeBuildStatus:
         Deleting file "Release\Framework.unsuccessfulbuild".
         Touching "Release\Framework.lastbuildstate".
     1>Done Building Project "C:\Sigve\Programming\GraphicsFramework\Framework\Framework.vcxproj" (build target(s)).

Build succeeded.

Time Elapsed 00:00:24.81
