Build started 01/02/2012 18:21:21.
     1>Project "C:\Users\B1039564\Visual Studio 2010\Projects\GraphicsFramework\Graphics\Coursework.vcxproj" on node 3 (build target(s)).
     1>InitializeBuildStatus:
         Creating "Debug\Graphics.unsuccessfulbuild" because "AlwaysCreate" was specified.
       ClCompile:
         c:\Program Files (x86)\Microsoft Visual Studio 10.0\VC\bin\CL.exe /c /ZI /nologo /W3 /WX- /Od /Oy- /D WIN32 /D _DEBUG /D _CONSOLE /D _UNICODE /D UNICODE /Gm /EHsc /RTC1 /MDd /GS /fp:precise /Zc:wchar_t /Zc:forScope /Fo"Debug\\" /Fd"Debug\vc100.pdb" /Gd /TP /analyze- /errorReport:prompt Graphics.cpp Renderer.cpp
         Graphics.cpp
     1>c:\users\b1039564\visual studio 2010\projects\graphicsframework\graphics\graphics.cpp(14): warning C4244: 'argument' : conversion from 'float' to 'unsigned int', possible loss of data
         Generating Code...
         Compiling...
         Renderer.cpp
         Generating Code...
       ManifestResourceCompile:
         All outputs are up-to-date.
       Link:
         c:\Program Files (x86)\Microsoft Visual Studio 10.0\VC\bin\link.exe /ERRORREPORT:PROMPT /OUT:"C:\Users\B1039564\Visual Studio 2010\Projects\GraphicsFramework\Debug\Graphics.exe" /INCREMENTAL /NOLOGO kernel32.lib user32.lib gdi32.lib winspool.lib comdlg32.lib advapi32.lib shell32.lib ole32.lib oleaut32.lib uuid.lib odbc32.lib odbccp32.lib /MANIFEST /ManifestFile:"Debug\Graphics.exe.intermediate.manifest" /MANIFESTUAC:"level='asInvoker' uiAccess='false'" /DEBUG /PDB:"C:\Users\B1039564\Visual Studio 2010\Projects\GraphicsFramework\Debug\Graphics.pdb" /SUBSYSTEM:CONSOLE /TLBID:1 /DYNAMICBASE /NXCOMPAT /IMPLIB:"C:\Users\B1039564\Visual Studio 2010\Projects\GraphicsFramework\Debug\Graphics.lib" /MACHINE:X86 Debug\Graphics.exe.embed.manifest.res
         Debug\Graphics.obj
         Debug\ParticleEmitter.obj
         Debug\Renderer.obj
         Debug\TextMesh.obj
     1>SOIL_D.lib(image_DXT.obj) : warning LNK4099: PDB 'vc100.pdb' was not found with 'SOIL_D.lib(image_DXT.obj)' or at 'C:\Users\B1039564\Visual Studio 2010\Projects\GraphicsFramework\Debug\vc100.pdb'; linking object as if no debug info
     1>SOIL_D.lib(image_helper.obj) : warning LNK4099: PDB 'vc100.pdb' was not found with 'SOIL_D.lib(image_helper.obj)' or at 'C:\Users\B1039564\Visual Studio 2010\Projects\GraphicsFramework\Debug\vc100.pdb'; linking object as if no debug info
     1>SOIL_D.lib(SOIL.obj) : warning LNK4099: PDB 'vc100.pdb' was not found with 'SOIL_D.lib(SOIL.obj)' or at 'C:\Users\B1039564\Visual Studio 2010\Projects\GraphicsFramework\Debug\vc100.pdb'; linking object as if no debug info
     1>SOIL_D.lib(stb_image_aug.obj) : warning LNK4099: PDB 'vc100.pdb' was not found with 'SOIL_D.lib(stb_image_aug.obj)' or at 'C:\Users\B1039564\Visual Studio 2010\Projects\GraphicsFramework\Debug\vc100.pdb'; linking object as if no debug info
       Manifest:
         C:\Program Files (x86)\Microsoft SDKs\Windows\v7.0A\bin\mt.exe /nologo /verbose /out:"Debug\Graphics.exe.embed.manifest" /manifest Debug\Graphics.exe.intermediate.manifest
         All outputs are up-to-date.
       LinkEmbedManifest:
         All outputs are up-to-date.
         Coursework.vcxproj -> C:\Users\B1039564\Visual Studio 2010\Projects\GraphicsFramework\Debug\Graphics.exe
       FinalizeBuildStatus:
         Deleting file "Debug\Graphics.unsuccessfulbuild".
         Touching "Debug\Graphics.lastbuildstate".
     1>Done Building Project "C:\Users\B1039564\Visual Studio 2010\Projects\GraphicsFramework\Graphics\Coursework.vcxproj" (build target(s)).

Build succeeded.

Time Elapsed 00:00:01.49
