Build started 17.04.2012 14:19:04.
     1>Project "C:\Sigve\Programming\GraphicsFramework\Graphics\Graphics.vcxproj" on node 3 (build target(s)).
     1>InitializeBuildStatus:
         Creating "Debug\Graphics.unsuccessfulbuild" because "AlwaysCreate" was specified.
       ClCompile:
         All outputs are up-to-date.
       ManifestResourceCompile:
         All outputs are up-to-date.
       Link:
         C:\Program Files (x86)\Microsoft Visual Studio 10.0\VC\bin\link.exe /ERRORREPORT:PROMPT /OUT:"C:\Sigve\Programming\GraphicsFramework\Debug\Graphics.exe" /INCREMENTAL /NOLOGO kernel32.lib user32.lib gdi32.lib winspool.lib comdlg32.lib advapi32.lib shell32.lib ole32.lib oleaut32.lib uuid.lib odbc32.lib odbccp32.lib /MANIFEST /ManifestFile:"Debug\Graphics.exe.intermediate.manifest" /MANIFESTUAC:"level='asInvoker' uiAccess='false'" /DEBUG /PDB:"C:\Sigve\Programming\GraphicsFramework\Debug\Graphics.pdb" /SUBSYSTEM:CONSOLE /TLBID:1 /DYNAMICBASE /NXCOMPAT /IMPLIB:"C:\Sigve\Programming\GraphicsFramework\Debug\Graphics.lib" /MACHINE:X86 Debug\Graphics.exe.embed.manifest.res
         Debug\Graphics.obj
         Debug\LoadingRenderer.obj
         Debug\LoadingThread.obj
         Debug\MenuRenderer.obj
         Debug\ParticleEmitter.obj
         Debug\Renderer.obj
         Debug\Spells.obj
         Debug\WeatherEmitter.obj
         libogg_static.lib(framing.obj) : MSIL .netmodule or module compiled with /GL found; restarting link with /LTCG; add /LTCG to the link command line to improve linker performance
     1>LINK : warning LNK4075: ignoring '/INCREMENTAL' due to '/LTCG' specification
     1>LINK : warning LNK4098: defaultlib 'MSVCRT' conflicts with use of other libs; use /NODEFAULTLIB:library
         Generating code
         Finished generating code
     1>SOIL_D.lib(image_DXT.obj) : warning LNK4099: PDB 'vc100.pdb' was not found with 'SOIL_D.lib(image_DXT.obj)' or at 'C:\Sigve\Programming\GraphicsFramework\Debug\vc100.pdb'; linking object as if no debug info
     1>SOIL_D.lib(image_helper.obj) : warning LNK4099: PDB 'vc100.pdb' was not found with 'SOIL_D.lib(image_helper.obj)' or at 'C:\Sigve\Programming\GraphicsFramework\Debug\vc100.pdb'; linking object as if no debug info
     1>SOIL_D.lib(SOIL.obj) : warning LNK4099: PDB 'vc100.pdb' was not found with 'SOIL_D.lib(SOIL.obj)' or at 'C:\Sigve\Programming\GraphicsFramework\Debug\vc100.pdb'; linking object as if no debug info
     1>SOIL_D.lib(stb_image_aug.obj) : warning LNK4099: PDB 'vc100.pdb' was not found with 'SOIL_D.lib(stb_image_aug.obj)' or at 'C:\Sigve\Programming\GraphicsFramework\Debug\vc100.pdb'; linking object as if no debug info
       Manifest:
         C:\Program Files (x86)\Microsoft SDKs\Windows\v7.0A\bin\mt.exe /nologo /verbose /out:"Debug\Graphics.exe.embed.manifest" /manifest Debug\Graphics.exe.intermediate.manifest
         All outputs are up-to-date.
       LinkEmbedManifest:
         All outputs are up-to-date.
         Graphics.vcxproj -> C:\Sigve\Programming\GraphicsFramework\Debug\Graphics.exe
       FinalizeBuildStatus:
         Deleting file "Debug\Graphics.unsuccessfulbuild".
         Touching "Debug\Graphics.lastbuildstate".
     1>Done Building Project "C:\Sigve\Programming\GraphicsFramework\Graphics\Graphics.vcxproj" (build target(s)).

Build succeeded.

Time Elapsed 00:00:08.36
