D:\CSC8506TEAM2\GRAPHICSFRAMEWORK\DEBUG\GRAPHICS.EXE
D:\CSC8506TEAM2\GRAPHICSFRAMEWORK\DEBUG\GRAPHICS.ILK
D:\CSC8506TEAM2\GRAPHICSFRAMEWORK\DEBUG\GRAPHICS.PDB
D:\csc8506Team2\GraphicsFramework\Graphics\Debug\cl.command.1.tlog
D:\csc8506Team2\GraphicsFramework\Graphics\Debug\CL.read.1.tlog
D:\csc8506Team2\GraphicsFramework\Graphics\Debug\CL.write.1.tlog
D:\CSC8506TEAM2\GRAPHICSFRAMEWORK\GRAPHICS\DEBUG\GRAPHICS.EXE.EMBED.MANIFEST
D:\CSC8506TEAM2\GRAPHICSFRAMEWORK\GRAPHICS\DEBUG\GRAPHICS.EXE.EMBED.MANIFEST.RES
D:\CSC8506TEAM2\GRAPHICSFRAMEWORK\GRAPHICS\DEBUG\GRAPHICS.EXE.INTERMEDIATE.MANIFEST
D:\CSC8506TEAM2\GRAPHICSFRAMEWORK\GRAPHICS\DEBUG\GRAPHICS.OBJ
D:\csc8506Team2\GraphicsFramework\Graphics\Debug\Graphics_manifest.rc
D:\csc8506Team2\GraphicsFramework\Graphics\Debug\link.1132.read.1.tlog
D:\csc8506Team2\GraphicsFramework\Graphics\Debug\link.1132.write.1.tlog
D:\csc8506Team2\GraphicsFramework\Graphics\Debug\link.1132-cvtres.read.1.tlog
D:\csc8506Team2\GraphicsFramework\Graphics\Debug\link.1132-cvtres.write.1.tlog
D:\csc8506Team2\GraphicsFramework\Graphics\Debug\link.1312.read.1.tlog
D:\csc8506Team2\GraphicsFramework\Graphics\Debug\link.1312.write.1.tlog
D:\csc8506Team2\GraphicsFramework\Graphics\Debug\link.1312-cvtres.read.1.tlog
D:\csc8506Team2\GraphicsFramework\Graphics\Debug\link.1312-cvtres.write.1.tlog
D:\csc8506Team2\GraphicsFramework\Graphics\Debug\link.1348.read.1.tlog
D:\csc8506Team2\GraphicsFramework\Graphics\Debug\link.1348.write.1.tlog
D:\csc8506Team2\GraphicsFramework\Graphics\Debug\link.1348-cvtres.read.1.tlog
D:\csc8506Team2\GraphicsFramework\Graphics\Debug\link.1348-cvtres.write.1.tlog
D:\csc8506Team2\GraphicsFramework\Graphics\Debug\link.1364.read.1.tlog
D:\csc8506Team2\GraphicsFramework\Graphics\Debug\link.1364.write.1.tlog
D:\csc8506Team2\GraphicsFramework\Graphics\Debug\link.1364-cvtres.read.1.tlog
D:\csc8506Team2\GraphicsFramework\Graphics\Debug\link.1364-cvtres.write.1.tlog
D:\csc8506Team2\GraphicsFramework\Graphics\Debug\link.1376.read.1.tlog
D:\csc8506Team2\GraphicsFramework\Graphics\Debug\link.1376.write.1.tlog
D:\csc8506Team2\GraphicsFramework\Graphics\Debug\link.1376-cvtres.read.1.tlog
D:\csc8506Team2\GraphicsFramework\Graphics\Debug\link.1376-cvtres.write.1.tlog
D:\csc8506Team2\GraphicsFramework\Graphics\Debug\link.1416.read.1.tlog
D:\csc8506Team2\GraphicsFramework\Graphics\Debug\link.1416.write.1.tlog
D:\csc8506Team2\GraphicsFramework\Graphics\Debug\link.1416-cvtres.read.1.tlog
D:\csc8506Team2\GraphicsFramework\Graphics\Debug\link.1416-cvtres.write.1.tlog
D:\csc8506Team2\GraphicsFramework\Graphics\Debug\link.1432.read.1.tlog
D:\csc8506Team2\GraphicsFramework\Graphics\Debug\link.1432.write.1.tlog
D:\csc8506Team2\GraphicsFramework\Graphics\Debug\link.1432-cvtres.read.1.tlog
D:\csc8506Team2\GraphicsFramework\Graphics\Debug\link.1432-cvtres.write.1.tlog
D:\csc8506Team2\GraphicsFramework\Graphics\Debug\link.1500.read.1.tlog
D:\csc8506Team2\GraphicsFramework\Graphics\Debug\link.1500.write.1.tlog
D:\csc8506Team2\GraphicsFramework\Graphics\Debug\link.1500-cvtres.read.1.tlog
D:\csc8506Team2\GraphicsFramework\Graphics\Debug\link.1500-cvtres.write.1.tlog
D:\csc8506Team2\GraphicsFramework\Graphics\Debug\link.160.read.1.tlog
D:\csc8506Team2\GraphicsFramework\Graphics\Debug\link.160.write.1.tlog
D:\csc8506Team2\GraphicsFramework\Graphics\Debug\link.160-cvtres.read.1.tlog
D:\csc8506Team2\GraphicsFramework\Graphics\Debug\link.160-cvtres.write.1.tlog
D:\csc8506Team2\GraphicsFramework\Graphics\Debug\link.1708.read.1.tlog
D:\csc8506Team2\GraphicsFramework\Graphics\Debug\link.1708.write.1.tlog
D:\csc8506Team2\GraphicsFramework\Graphics\Debug\link.1708-cvtres.read.1.tlog
D:\csc8506Team2\GraphicsFramework\Graphics\Debug\link.1708-cvtres.write.1.tlog
D:\csc8506Team2\GraphicsFramework\Graphics\Debug\link.1716.read.1.tlog
D:\csc8506Team2\GraphicsFramework\Graphics\Debug\link.1716.write.1.tlog
D:\csc8506Team2\GraphicsFramework\Graphics\Debug\link.1716-cvtres.read.1.tlog
D:\csc8506Team2\GraphicsFramework\Graphics\Debug\link.1716-cvtres.write.1.tlog
D:\csc8506Team2\GraphicsFramework\Graphics\Debug\link.1720.read.1.tlog
D:\csc8506Team2\GraphicsFramework\Graphics\Debug\link.1720.write.1.tlog
D:\csc8506Team2\GraphicsFramework\Graphics\Debug\link.1720-cvtres.read.1.tlog
D:\csc8506Team2\GraphicsFramework\Graphics\Debug\link.1720-cvtres.write.1.tlog
D:\csc8506Team2\GraphicsFramework\Graphics\Debug\link.1740.read.1.tlog
D:\csc8506Team2\GraphicsFramework\Graphics\Debug\link.1740.write.1.tlog
D:\csc8506Team2\GraphicsFramework\Graphics\Debug\link.1740-cvtres.read.1.tlog
D:\csc8506Team2\GraphicsFramework\Graphics\Debug\link.1740-cvtres.write.1.tlog
D:\csc8506Team2\GraphicsFramework\Graphics\Debug\link.1968.read.1.tlog
D:\csc8506Team2\GraphicsFramework\Graphics\Debug\link.1968.write.1.tlog
D:\csc8506Team2\GraphicsFramework\Graphics\Debug\link.1968-cvtres.read.1.tlog
D:\csc8506Team2\GraphicsFramework\Graphics\Debug\link.1968-cvtres.write.1.tlog
D:\csc8506Team2\GraphicsFramework\Graphics\Debug\link.208.read.1.tlog
D:\csc8506Team2\GraphicsFramework\Graphics\Debug\link.208.write.1.tlog
D:\csc8506Team2\GraphicsFramework\Graphics\Debug\link.208-cvtres.read.1.tlog
D:\csc8506Team2\GraphicsFramework\Graphics\Debug\link.208-cvtres.write.1.tlog
D:\csc8506Team2\GraphicsFramework\Graphics\Debug\link.2136.read.1.tlog
D:\csc8506Team2\GraphicsFramework\Graphics\Debug\link.2136.write.1.tlog
D:\csc8506Team2\GraphicsFramework\Graphics\Debug\link.2136-cvtres.read.1.tlog
D:\csc8506Team2\GraphicsFramework\Graphics\Debug\link.2136-cvtres.write.1.tlog
D:\csc8506Team2\GraphicsFramework\Graphics\Debug\link.2244.read.1.tlog
D:\csc8506Team2\GraphicsFramework\Graphics\Debug\link.2244.write.1.tlog
D:\csc8506Team2\GraphicsFramework\Graphics\Debug\link.2244-cvtres.read.1.tlog
D:\csc8506Team2\GraphicsFramework\Graphics\Debug\link.2244-cvtres.write.1.tlog
D:\csc8506Team2\GraphicsFramework\Graphics\Debug\link.2256.read.1.tlog
D:\csc8506Team2\GraphicsFramework\Graphics\Debug\link.2256.write.1.tlog
D:\csc8506Team2\GraphicsFramework\Graphics\Debug\link.2256-cvtres.read.1.tlog
D:\csc8506Team2\GraphicsFramework\Graphics\Debug\link.2256-cvtres.write.1.tlog
D:\csc8506Team2\GraphicsFramework\Graphics\Debug\link.2272.read.1.tlog
D:\csc8506Team2\GraphicsFramework\Graphics\Debug\link.2272.write.1.tlog
D:\csc8506Team2\GraphicsFramework\Graphics\Debug\link.2272-cvtres.read.1.tlog
D:\csc8506Team2\GraphicsFramework\Graphics\Debug\link.2272-cvtres.write.1.tlog
D:\csc8506Team2\GraphicsFramework\Graphics\Debug\link.2276.read.1.tlog
D:\csc8506Team2\GraphicsFramework\Graphics\Debug\link.2276.write.1.tlog
D:\csc8506Team2\GraphicsFramework\Graphics\Debug\link.2276-cvtres.read.1.tlog
D:\csc8506Team2\GraphicsFramework\Graphics\Debug\link.2276-cvtres.write.1.tlog
D:\csc8506Team2\GraphicsFramework\Graphics\Debug\link.2312.read.1.tlog
D:\csc8506Team2\GraphicsFramework\Graphics\Debug\link.2312.write.1.tlog
D:\csc8506Team2\GraphicsFramework\Graphics\Debug\link.2312-cvtres.read.1.tlog
D:\csc8506Team2\GraphicsFramework\Graphics\Debug\link.2312-cvtres.write.1.tlog
D:\csc8506Team2\GraphicsFramework\Graphics\Debug\link.2392.read.1.tlog
D:\csc8506Team2\GraphicsFramework\Graphics\Debug\link.2392.write.1.tlog
D:\csc8506Team2\GraphicsFramework\Graphics\Debug\link.2392-cvtres.read.1.tlog
D:\csc8506Team2\GraphicsFramework\Graphics\Debug\link.2392-cvtres.write.1.tlog
D:\csc8506Team2\GraphicsFramework\Graphics\Debug\link.2500.read.1.tlog
D:\csc8506Team2\GraphicsFramework\Graphics\Debug\link.2500.write.1.tlog
D:\csc8506Team2\GraphicsFramework\Graphics\Debug\link.2500-cvtres.read.1.tlog
D:\csc8506Team2\GraphicsFramework\Graphics\Debug\link.2500-cvtres.write.1.tlog
D:\csc8506Team2\GraphicsFramework\Graphics\Debug\link.2548.read.1.tlog
D:\csc8506Team2\GraphicsFramework\Graphics\Debug\link.2548.write.1.tlog
D:\csc8506Team2\GraphicsFramework\Graphics\Debug\link.2548-cvtres.read.1.tlog
D:\csc8506Team2\GraphicsFramework\Graphics\Debug\link.2548-cvtres.write.1.tlog
D:\csc8506Team2\GraphicsFramework\Graphics\Debug\link.2604.read.1.tlog
D:\csc8506Team2\GraphicsFramework\Graphics\Debug\link.2604.write.1.tlog
D:\csc8506Team2\GraphicsFramework\Graphics\Debug\link.2604-cvtres.read.1.tlog
D:\csc8506Team2\GraphicsFramework\Graphics\Debug\link.2604-cvtres.write.1.tlog
D:\csc8506Team2\GraphicsFramework\Graphics\Debug\link.2632.read.1.tlog
D:\csc8506Team2\GraphicsFramework\Graphics\Debug\link.2632.write.1.tlog
D:\csc8506Team2\GraphicsFramework\Graphics\Debug\link.2632-cvtres.read.1.tlog
D:\csc8506Team2\GraphicsFramework\Graphics\Debug\link.2632-cvtres.write.1.tlog
D:\csc8506Team2\GraphicsFramework\Graphics\Debug\link.2824.read.1.tlog
D:\csc8506Team2\GraphicsFramework\Graphics\Debug\link.2824.write.1.tlog
D:\csc8506Team2\GraphicsFramework\Graphics\Debug\link.2824-cvtres.read.1.tlog
D:\csc8506Team2\GraphicsFramework\Graphics\Debug\link.2824-cvtres.write.1.tlog
D:\csc8506Team2\GraphicsFramework\Graphics\Debug\link.2848.read.1.tlog
D:\csc8506Team2\GraphicsFramework\Graphics\Debug\link.2848.write.1.tlog
D:\csc8506Team2\GraphicsFramework\Graphics\Debug\link.2848-cvtres.read.1.tlog
D:\csc8506Team2\GraphicsFramework\Graphics\Debug\link.2848-cvtres.write.1.tlog
D:\csc8506Team2\GraphicsFramework\Graphics\Debug\link.2956.read.1.tlog
D:\csc8506Team2\GraphicsFramework\Graphics\Debug\link.2956.write.1.tlog
D:\csc8506Team2\GraphicsFramework\Graphics\Debug\link.2992.read.1.tlog
D:\csc8506Team2\GraphicsFramework\Graphics\Debug\link.2992.write.1.tlog
D:\csc8506Team2\GraphicsFramework\Graphics\Debug\link.2992-cvtres.read.1.tlog
D:\csc8506Team2\GraphicsFramework\Graphics\Debug\link.2992-cvtres.write.1.tlog
D:\csc8506Team2\GraphicsFramework\Graphics\Debug\link.3036.read.1.tlog
D:\csc8506Team2\GraphicsFramework\Graphics\Debug\link.3036.write.1.tlog
D:\csc8506Team2\GraphicsFramework\Graphics\Debug\link.3036-cvtres.read.1.tlog
D:\csc8506Team2\GraphicsFramework\Graphics\Debug\link.3036-cvtres.write.1.tlog
D:\csc8506Team2\GraphicsFramework\Graphics\Debug\link.3040.read.1.tlog
D:\csc8506Team2\GraphicsFramework\Graphics\Debug\link.3040.write.1.tlog
D:\csc8506Team2\GraphicsFramework\Graphics\Debug\link.3040-cvtres.read.1.tlog
D:\csc8506Team2\GraphicsFramework\Graphics\Debug\link.3040-cvtres.write.1.tlog
D:\csc8506Team2\GraphicsFramework\Graphics\Debug\link.3052.read.1.tlog
D:\csc8506Team2\GraphicsFramework\Graphics\Debug\link.3052.write.1.tlog
D:\csc8506Team2\GraphicsFramework\Graphics\Debug\link.3052-cvtres.read.1.tlog
D:\csc8506Team2\GraphicsFramework\Graphics\Debug\link.3052-cvtres.write.1.tlog
D:\csc8506Team2\GraphicsFramework\Graphics\Debug\link.3056.read.1.tlog
D:\csc8506Team2\GraphicsFramework\Graphics\Debug\link.3056.write.1.tlog
D:\csc8506Team2\GraphicsFramework\Graphics\Debug\link.3056-cvtres.read.1.tlog
D:\csc8506Team2\GraphicsFramework\Graphics\Debug\link.3056-cvtres.write.1.tlog
D:\csc8506Team2\GraphicsFramework\Graphics\Debug\link.3076.read.1.tlog
D:\csc8506Team2\GraphicsFramework\Graphics\Debug\link.3076.write.1.tlog
D:\csc8506Team2\GraphicsFramework\Graphics\Debug\link.3076-cvtres.read.1.tlog
D:\csc8506Team2\GraphicsFramework\Graphics\Debug\link.3076-cvtres.write.1.tlog
D:\csc8506Team2\GraphicsFramework\Graphics\Debug\link.3208.read.1.tlog
D:\csc8506Team2\GraphicsFramework\Graphics\Debug\link.3208.write.1.tlog
D:\csc8506Team2\GraphicsFramework\Graphics\Debug\link.3208-cvtres.read.1.tlog
D:\csc8506Team2\GraphicsFramework\Graphics\Debug\link.3208-cvtres.write.1.tlog
D:\csc8506Team2\GraphicsFramework\Graphics\Debug\link.3288.read.1.tlog
D:\csc8506Team2\GraphicsFramework\Graphics\Debug\link.3288.write.1.tlog
D:\csc8506Team2\GraphicsFramework\Graphics\Debug\link.3288-cvtres.read.1.tlog
D:\csc8506Team2\GraphicsFramework\Graphics\Debug\link.3288-cvtres.write.1.tlog
D:\csc8506Team2\GraphicsFramework\Graphics\Debug\link.3440.read.1.tlog
D:\csc8506Team2\GraphicsFramework\Graphics\Debug\link.3440.write.1.tlog
D:\csc8506Team2\GraphicsFramework\Graphics\Debug\link.3440-cvtres.read.1.tlog
D:\csc8506Team2\GraphicsFramework\Graphics\Debug\link.3440-cvtres.write.1.tlog
D:\csc8506Team2\GraphicsFramework\Graphics\Debug\link.3444.read.1.tlog
D:\csc8506Team2\GraphicsFramework\Graphics\Debug\link.3444.write.1.tlog
D:\csc8506Team2\GraphicsFramework\Graphics\Debug\link.3444-cvtres.read.1.tlog
D:\csc8506Team2\GraphicsFramework\Graphics\Debug\link.3444-cvtres.write.1.tlog
D:\csc8506Team2\GraphicsFramework\Graphics\Debug\link.3500.read.1.tlog
D:\csc8506Team2\GraphicsFramework\Graphics\Debug\link.3500.write.1.tlog
D:\csc8506Team2\GraphicsFramework\Graphics\Debug\link.3500-cvtres.read.1.tlog
D:\csc8506Team2\GraphicsFramework\Graphics\Debug\link.3500-cvtres.write.1.tlog
D:\csc8506Team2\GraphicsFramework\Graphics\Debug\link.3560.read.1.tlog
D:\csc8506Team2\GraphicsFramework\Graphics\Debug\link.3560.write.1.tlog
D:\csc8506Team2\GraphicsFramework\Graphics\Debug\link.3560-cvtres.read.1.tlog
D:\csc8506Team2\GraphicsFramework\Graphics\Debug\link.3560-cvtres.write.1.tlog
D:\csc8506Team2\GraphicsFramework\Graphics\Debug\link.3588.read.1.tlog
D:\csc8506Team2\GraphicsFramework\Graphics\Debug\link.3588.write.1.tlog
D:\csc8506Team2\GraphicsFramework\Graphics\Debug\link.3588-cvtres.read.1.tlog
D:\csc8506Team2\GraphicsFramework\Graphics\Debug\link.3588-cvtres.write.1.tlog
D:\csc8506Team2\GraphicsFramework\Graphics\Debug\link.3628.read.1.tlog
D:\csc8506Team2\GraphicsFramework\Graphics\Debug\link.3628.write.1.tlog
D:\csc8506Team2\GraphicsFramework\Graphics\Debug\link.3628-cvtres.read.1.tlog
D:\csc8506Team2\GraphicsFramework\Graphics\Debug\link.3628-cvtres.write.1.tlog
D:\csc8506Team2\GraphicsFramework\Graphics\Debug\link.3672.read.1.tlog
D:\csc8506Team2\GraphicsFramework\Graphics\Debug\link.3672.write.1.tlog
D:\csc8506Team2\GraphicsFramework\Graphics\Debug\link.3672-cvtres.read.1.tlog
D:\csc8506Team2\GraphicsFramework\Graphics\Debug\link.3672-cvtres.write.1.tlog
D:\csc8506Team2\GraphicsFramework\Graphics\Debug\link.3732.read.1.tlog
D:\csc8506Team2\GraphicsFramework\Graphics\Debug\link.3732.write.1.tlog
D:\csc8506Team2\GraphicsFramework\Graphics\Debug\link.3732-cvtres.read.1.tlog
D:\csc8506Team2\GraphicsFramework\Graphics\Debug\link.3732-cvtres.write.1.tlog
D:\csc8506Team2\GraphicsFramework\Graphics\Debug\link.3848.read.1.tlog
D:\csc8506Team2\GraphicsFramework\Graphics\Debug\link.3848.write.1.tlog
D:\csc8506Team2\GraphicsFramework\Graphics\Debug\link.3848-cvtres.read.1.tlog
D:\csc8506Team2\GraphicsFramework\Graphics\Debug\link.3848-cvtres.write.1.tlog
D:\csc8506Team2\GraphicsFramework\Graphics\Debug\link.3976.read.1.tlog
D:\csc8506Team2\GraphicsFramework\Graphics\Debug\link.3976.write.1.tlog
D:\csc8506Team2\GraphicsFramework\Graphics\Debug\link.3976-cvtres.read.1.tlog
D:\csc8506Team2\GraphicsFramework\Graphics\Debug\link.3976-cvtres.write.1.tlog
D:\csc8506Team2\GraphicsFramework\Graphics\Debug\link.4088.read.1.tlog
D:\csc8506Team2\GraphicsFramework\Graphics\Debug\link.4088.write.1.tlog
D:\csc8506Team2\GraphicsFramework\Graphics\Debug\link.4088-cvtres.read.1.tlog
D:\csc8506Team2\GraphicsFramework\Graphics\Debug\link.4088-cvtres.write.1.tlog
D:\csc8506Team2\GraphicsFramework\Graphics\Debug\link.4140.read.1.tlog
D:\csc8506Team2\GraphicsFramework\Graphics\Debug\link.4140.write.1.tlog
D:\csc8506Team2\GraphicsFramework\Graphics\Debug\link.4140-cvtres.read.1.tlog
D:\csc8506Team2\GraphicsFramework\Graphics\Debug\link.4140-cvtres.write.1.tlog
D:\csc8506Team2\GraphicsFramework\Graphics\Debug\link.4180.read.1.tlog
D:\csc8506Team2\GraphicsFramework\Graphics\Debug\link.4180.write.1.tlog
D:\csc8506Team2\GraphicsFramework\Graphics\Debug\link.4180-cvtres.read.1.tlog
D:\csc8506Team2\GraphicsFramework\Graphics\Debug\link.4180-cvtres.write.1.tlog
D:\csc8506Team2\GraphicsFramework\Graphics\Debug\link.4212.read.1.tlog
D:\csc8506Team2\GraphicsFramework\Graphics\Debug\link.4212.write.1.tlog
D:\csc8506Team2\GraphicsFramework\Graphics\Debug\link.4212-cvtres.read.1.tlog
D:\csc8506Team2\GraphicsFramework\Graphics\Debug\link.4212-cvtres.write.1.tlog
D:\csc8506Team2\GraphicsFramework\Graphics\Debug\link.4292.read.1.tlog
D:\csc8506Team2\GraphicsFramework\Graphics\Debug\link.4292.write.1.tlog
D:\csc8506Team2\GraphicsFramework\Graphics\Debug\link.4292-cvtres.read.1.tlog
D:\csc8506Team2\GraphicsFramework\Graphics\Debug\link.4292-cvtres.write.1.tlog
D:\csc8506Team2\GraphicsFramework\Graphics\Debug\link.4396.read.1.tlog
D:\csc8506Team2\GraphicsFramework\Graphics\Debug\link.4396.write.1.tlog
D:\csc8506Team2\GraphicsFramework\Graphics\Debug\link.4396-cvtres.read.1.tlog
D:\csc8506Team2\GraphicsFramework\Graphics\Debug\link.4396-cvtres.write.1.tlog
D:\csc8506Team2\GraphicsFramework\Graphics\Debug\link.4464.read.1.tlog
D:\csc8506Team2\GraphicsFramework\Graphics\Debug\link.4464.write.1.tlog
D:\csc8506Team2\GraphicsFramework\Graphics\Debug\link.4464-cvtres.read.1.tlog
D:\csc8506Team2\GraphicsFramework\Graphics\Debug\link.4464-cvtres.write.1.tlog
D:\csc8506Team2\GraphicsFramework\Graphics\Debug\link.4500.read.1.tlog
D:\csc8506Team2\GraphicsFramework\Graphics\Debug\link.4500.write.1.tlog
D:\csc8506Team2\GraphicsFramework\Graphics\Debug\link.4500-cvtres.read.1.tlog
D:\csc8506Team2\GraphicsFramework\Graphics\Debug\link.4500-cvtres.write.1.tlog
D:\csc8506Team2\GraphicsFramework\Graphics\Debug\link.4516.read.1.tlog
D:\csc8506Team2\GraphicsFramework\Graphics\Debug\link.4516.write.1.tlog
D:\csc8506Team2\GraphicsFramework\Graphics\Debug\link.4516-cvtres.read.1.tlog
D:\csc8506Team2\GraphicsFramework\Graphics\Debug\link.4516-cvtres.write.1.tlog
D:\csc8506Team2\GraphicsFramework\Graphics\Debug\link.4696.read.1.tlog
D:\csc8506Team2\GraphicsFramework\Graphics\Debug\link.4696.write.1.tlog
D:\csc8506Team2\GraphicsFramework\Graphics\Debug\link.4696-cvtres.read.1.tlog
D:\csc8506Team2\GraphicsFramework\Graphics\Debug\link.4696-cvtres.write.1.tlog
D:\csc8506Team2\GraphicsFramework\Graphics\Debug\link.4708.read.1.tlog
D:\csc8506Team2\GraphicsFramework\Graphics\Debug\link.4708.write.1.tlog
D:\csc8506Team2\GraphicsFramework\Graphics\Debug\link.4708-cvtres.read.1.tlog
D:\csc8506Team2\GraphicsFramework\Graphics\Debug\link.4708-cvtres.write.1.tlog
D:\csc8506Team2\GraphicsFramework\Graphics\Debug\link.4720.read.1.tlog
D:\csc8506Team2\GraphicsFramework\Graphics\Debug\link.4720.write.1.tlog
D:\csc8506Team2\GraphicsFramework\Graphics\Debug\link.4720-cvtres.read.1.tlog
D:\csc8506Team2\GraphicsFramework\Graphics\Debug\link.4720-cvtres.write.1.tlog
D:\csc8506Team2\GraphicsFramework\Graphics\Debug\link.4736.read.1.tlog
D:\csc8506Team2\GraphicsFramework\Graphics\Debug\link.4736.write.1.tlog
D:\csc8506Team2\GraphicsFramework\Graphics\Debug\link.4736-cvtres.read.1.tlog
D:\csc8506Team2\GraphicsFramework\Graphics\Debug\link.4736-cvtres.write.1.tlog
D:\csc8506Team2\GraphicsFramework\Graphics\Debug\link.4756.read.1.tlog
D:\csc8506Team2\GraphicsFramework\Graphics\Debug\link.4756.write.1.tlog
D:\csc8506Team2\GraphicsFramework\Graphics\Debug\link.4756-cvtres.read.1.tlog
D:\csc8506Team2\GraphicsFramework\Graphics\Debug\link.4756-cvtres.write.1.tlog
D:\csc8506Team2\GraphicsFramework\Graphics\Debug\link.4792.read.1.tlog
D:\csc8506Team2\GraphicsFramework\Graphics\Debug\link.4792.write.1.tlog
D:\csc8506Team2\GraphicsFramework\Graphics\Debug\link.4792-cvtres.read.1.tlog
D:\csc8506Team2\GraphicsFramework\Graphics\Debug\link.4792-cvtres.write.1.tlog
D:\csc8506Team2\GraphicsFramework\Graphics\Debug\link.4800.read.1.tlog
D:\csc8506Team2\GraphicsFramework\Graphics\Debug\link.4800.write.1.tlog
D:\csc8506Team2\GraphicsFramework\Graphics\Debug\link.4800-cvtres.read.1.tlog
D:\csc8506Team2\GraphicsFramework\Graphics\Debug\link.4800-cvtres.write.1.tlog
D:\csc8506Team2\GraphicsFramework\Graphics\Debug\link.4820.read.1.tlog
D:\csc8506Team2\GraphicsFramework\Graphics\Debug\link.4820.write.1.tlog
D:\csc8506Team2\GraphicsFramework\Graphics\Debug\link.4820-cvtres.read.1.tlog
D:\csc8506Team2\GraphicsFramework\Graphics\Debug\link.4820-cvtres.write.1.tlog
D:\csc8506Team2\GraphicsFramework\Graphics\Debug\link.4824.read.1.tlog
D:\csc8506Team2\GraphicsFramework\Graphics\Debug\link.4824.write.1.tlog
D:\csc8506Team2\GraphicsFramework\Graphics\Debug\link.4824-cvtres.read.1.tlog
D:\csc8506Team2\GraphicsFramework\Graphics\Debug\link.4824-cvtres.write.1.tlog
D:\csc8506Team2\GraphicsFramework\Graphics\Debug\link.4856.read.1.tlog
D:\csc8506Team2\GraphicsFramework\Graphics\Debug\link.4856.write.1.tlog
D:\csc8506Team2\GraphicsFramework\Graphics\Debug\link.4856-cvtres.read.1.tlog
D:\csc8506Team2\GraphicsFramework\Graphics\Debug\link.4856-cvtres.write.1.tlog
D:\csc8506Team2\GraphicsFramework\Graphics\Debug\link.4868.read.1.tlog
D:\csc8506Team2\GraphicsFramework\Graphics\Debug\link.4868.write.1.tlog
D:\csc8506Team2\GraphicsFramework\Graphics\Debug\link.4868-cvtres.read.1.tlog
D:\csc8506Team2\GraphicsFramework\Graphics\Debug\link.4868-cvtres.write.1.tlog
D:\csc8506Team2\GraphicsFramework\Graphics\Debug\link.4912.read.1.tlog
D:\csc8506Team2\GraphicsFramework\Graphics\Debug\link.4912.write.1.tlog
D:\csc8506Team2\GraphicsFramework\Graphics\Debug\link.4912-cvtres.read.1.tlog
D:\csc8506Team2\GraphicsFramework\Graphics\Debug\link.4912-cvtres.write.1.tlog
D:\csc8506Team2\GraphicsFramework\Graphics\Debug\link.5008.read.1.tlog
D:\csc8506Team2\GraphicsFramework\Graphics\Debug\link.5008.write.1.tlog
D:\csc8506Team2\GraphicsFramework\Graphics\Debug\link.5008-cvtres.read.1.tlog
D:\csc8506Team2\GraphicsFramework\Graphics\Debug\link.5008-cvtres.write.1.tlog
D:\csc8506Team2\GraphicsFramework\Graphics\Debug\link.5028.read.1.tlog
D:\csc8506Team2\GraphicsFramework\Graphics\Debug\link.5028.write.1.tlog
D:\csc8506Team2\GraphicsFramework\Graphics\Debug\link.5028-cvtres.read.1.tlog
D:\csc8506Team2\GraphicsFramework\Graphics\Debug\link.5028-cvtres.write.1.tlog
D:\csc8506Team2\GraphicsFramework\Graphics\Debug\link.5068.read.1.tlog
D:\csc8506Team2\GraphicsFramework\Graphics\Debug\link.5068.write.1.tlog
D:\csc8506Team2\GraphicsFramework\Graphics\Debug\link.5068-cvtres.read.1.tlog
D:\csc8506Team2\GraphicsFramework\Graphics\Debug\link.5068-cvtres.write.1.tlog
D:\csc8506Team2\GraphicsFramework\Graphics\Debug\link.5076.read.1.tlog
D:\csc8506Team2\GraphicsFramework\Graphics\Debug\link.5076.write.1.tlog
D:\csc8506Team2\GraphicsFramework\Graphics\Debug\link.5076-cvtres.read.1.tlog
D:\csc8506Team2\GraphicsFramework\Graphics\Debug\link.5076-cvtres.write.1.tlog
D:\csc8506Team2\GraphicsFramework\Graphics\Debug\link.5096.read.1.tlog
D:\csc8506Team2\GraphicsFramework\Graphics\Debug\link.5096.write.1.tlog
D:\csc8506Team2\GraphicsFramework\Graphics\Debug\link.5096-cvtres.read.1.tlog
D:\csc8506Team2\GraphicsFramework\Graphics\Debug\link.5096-cvtres.write.1.tlog
D:\csc8506Team2\GraphicsFramework\Graphics\Debug\link.5124.read.1.tlog
D:\csc8506Team2\GraphicsFramework\Graphics\Debug\link.5124.write.1.tlog
D:\csc8506Team2\GraphicsFramework\Graphics\Debug\link.5124-cvtres.read.1.tlog
D:\csc8506Team2\GraphicsFramework\Graphics\Debug\link.5124-cvtres.write.1.tlog
D:\csc8506Team2\GraphicsFramework\Graphics\Debug\link.5184.read.1.tlog
D:\csc8506Team2\GraphicsFramework\Graphics\Debug\link.5184.write.1.tlog
D:\csc8506Team2\GraphicsFramework\Graphics\Debug\link.5184-cvtres.read.1.tlog
D:\csc8506Team2\GraphicsFramework\Graphics\Debug\link.5184-cvtres.write.1.tlog
D:\csc8506Team2\GraphicsFramework\Graphics\Debug\link.5216.read.1.tlog
D:\csc8506Team2\GraphicsFramework\Graphics\Debug\link.5216.write.1.tlog
D:\csc8506Team2\GraphicsFramework\Graphics\Debug\link.5216-cvtres.read.1.tlog
D:\csc8506Team2\GraphicsFramework\Graphics\Debug\link.5216-cvtres.write.1.tlog
D:\csc8506Team2\GraphicsFramework\Graphics\Debug\link.5220.read.1.tlog
D:\csc8506Team2\GraphicsFramework\Graphics\Debug\link.5220.write.1.tlog
D:\csc8506Team2\GraphicsFramework\Graphics\Debug\link.5220-cvtres.read.1.tlog
D:\csc8506Team2\GraphicsFramework\Graphics\Debug\link.5220-cvtres.write.1.tlog
D:\csc8506Team2\GraphicsFramework\Graphics\Debug\link.5244.read.1.tlog
D:\csc8506Team2\GraphicsFramework\Graphics\Debug\link.5244.write.1.tlog
D:\csc8506Team2\GraphicsFramework\Graphics\Debug\link.5244-cvtres.read.1.tlog
D:\csc8506Team2\GraphicsFramework\Graphics\Debug\link.5244-cvtres.write.1.tlog
D:\csc8506Team2\GraphicsFramework\Graphics\Debug\link.5264.read.1.tlog
D:\csc8506Team2\GraphicsFramework\Graphics\Debug\link.5264.write.1.tlog
D:\csc8506Team2\GraphicsFramework\Graphics\Debug\link.5264-cvtres.read.1.tlog
D:\csc8506Team2\GraphicsFramework\Graphics\Debug\link.5264-cvtres.write.1.tlog
D:\csc8506Team2\GraphicsFramework\Graphics\Debug\link.5372.read.1.tlog
D:\csc8506Team2\GraphicsFramework\Graphics\Debug\link.5372.write.1.tlog
D:\csc8506Team2\GraphicsFramework\Graphics\Debug\link.5372-cvtres.read.1.tlog
D:\csc8506Team2\GraphicsFramework\Graphics\Debug\link.5372-cvtres.write.1.tlog
D:\csc8506Team2\GraphicsFramework\Graphics\Debug\link.5380.read.1.tlog
D:\csc8506Team2\GraphicsFramework\Graphics\Debug\link.5380.write.1.tlog
D:\csc8506Team2\GraphicsFramework\Graphics\Debug\link.5380-cvtres.read.1.tlog
D:\csc8506Team2\GraphicsFramework\Graphics\Debug\link.5380-cvtres.write.1.tlog
D:\csc8506Team2\GraphicsFramework\Graphics\Debug\link.5456.read.1.tlog
D:\csc8506Team2\GraphicsFramework\Graphics\Debug\link.5456.write.1.tlog
D:\csc8506Team2\GraphicsFramework\Graphics\Debug\link.5456-cvtres.read.1.tlog
D:\csc8506Team2\GraphicsFramework\Graphics\Debug\link.5456-cvtres.write.1.tlog
D:\csc8506Team2\GraphicsFramework\Graphics\Debug\link.5464.read.1.tlog
D:\csc8506Team2\GraphicsFramework\Graphics\Debug\link.5464.write.1.tlog
D:\csc8506Team2\GraphicsFramework\Graphics\Debug\link.5464-cvtres.read.1.tlog
D:\csc8506Team2\GraphicsFramework\Graphics\Debug\link.5464-cvtres.write.1.tlog
D:\csc8506Team2\GraphicsFramework\Graphics\Debug\link.5488.read.1.tlog
D:\csc8506Team2\GraphicsFramework\Graphics\Debug\link.5488.write.1.tlog
D:\csc8506Team2\GraphicsFramework\Graphics\Debug\link.5488-cvtres.read.1.tlog
D:\csc8506Team2\GraphicsFramework\Graphics\Debug\link.5488-cvtres.write.1.tlog
D:\csc8506Team2\GraphicsFramework\Graphics\Debug\link.5496.read.1.tlog
D:\csc8506Team2\GraphicsFramework\Graphics\Debug\link.5496.write.1.tlog
D:\csc8506Team2\GraphicsFramework\Graphics\Debug\link.5496-cvtres.read.1.tlog
D:\csc8506Team2\GraphicsFramework\Graphics\Debug\link.5496-cvtres.write.1.tlog
D:\csc8506Team2\GraphicsFramework\Graphics\Debug\link.5500.read.1.tlog
D:\csc8506Team2\GraphicsFramework\Graphics\Debug\link.5500.write.1.tlog
D:\csc8506Team2\GraphicsFramework\Graphics\Debug\link.5500-cvtres.read.1.tlog
D:\csc8506Team2\GraphicsFramework\Graphics\Debug\link.5500-cvtres.write.1.tlog
D:\csc8506Team2\GraphicsFramework\Graphics\Debug\link.5528.read.1.tlog
D:\csc8506Team2\GraphicsFramework\Graphics\Debug\link.5528.write.1.tlog
D:\csc8506Team2\GraphicsFramework\Graphics\Debug\link.5528-cvtres.read.1.tlog
D:\csc8506Team2\GraphicsFramework\Graphics\Debug\link.5528-cvtres.write.1.tlog
D:\csc8506Team2\GraphicsFramework\Graphics\Debug\link.5552.read.1.tlog
D:\csc8506Team2\GraphicsFramework\Graphics\Debug\link.5552.write.1.tlog
D:\csc8506Team2\GraphicsFramework\Graphics\Debug\link.5552-cvtres.read.1.tlog
D:\csc8506Team2\GraphicsFramework\Graphics\Debug\link.5552-cvtres.write.1.tlog
D:\csc8506Team2\GraphicsFramework\Graphics\Debug\link.5592.read.1.tlog
D:\csc8506Team2\GraphicsFramework\Graphics\Debug\link.5592.write.1.tlog
D:\csc8506Team2\GraphicsFramework\Graphics\Debug\link.5592-cvtres.read.1.tlog
D:\csc8506Team2\GraphicsFramework\Graphics\Debug\link.5592-cvtres.write.1.tlog
D:\csc8506Team2\GraphicsFramework\Graphics\Debug\link.5616.read.1.tlog
D:\csc8506Team2\GraphicsFramework\Graphics\Debug\link.5616.write.1.tlog
D:\csc8506Team2\GraphicsFramework\Graphics\Debug\link.5616-cvtres.read.1.tlog
D:\csc8506Team2\GraphicsFramework\Graphics\Debug\link.5616-cvtres.write.1.tlog
D:\csc8506Team2\GraphicsFramework\Graphics\Debug\link.5652.read.1.tlog
D:\csc8506Team2\GraphicsFramework\Graphics\Debug\link.5652.write.1.tlog
D:\csc8506Team2\GraphicsFramework\Graphics\Debug\link.5652-cvtres.read.1.tlog
D:\csc8506Team2\GraphicsFramework\Graphics\Debug\link.5652-cvtres.write.1.tlog
D:\csc8506Team2\GraphicsFramework\Graphics\Debug\link.5676.read.1.tlog
D:\csc8506Team2\GraphicsFramework\Graphics\Debug\link.5676.write.1.tlog
D:\csc8506Team2\GraphicsFramework\Graphics\Debug\link.5676-cvtres.read.1.tlog
D:\csc8506Team2\GraphicsFramework\Graphics\Debug\link.5676-cvtres.write.1.tlog
D:\csc8506Team2\GraphicsFramework\Graphics\Debug\link.5692.read.1.tlog
D:\csc8506Team2\GraphicsFramework\Graphics\Debug\link.5692.write.1.tlog
D:\csc8506Team2\GraphicsFramework\Graphics\Debug\link.5692-cvtres.read.1.tlog
D:\csc8506Team2\GraphicsFramework\Graphics\Debug\link.5692-cvtres.write.1.tlog
D:\csc8506Team2\GraphicsFramework\Graphics\Debug\link.5708.read.1.tlog
D:\csc8506Team2\GraphicsFramework\Graphics\Debug\link.5708.write.1.tlog
D:\csc8506Team2\GraphicsFramework\Graphics\Debug\link.5708-cvtres.read.1.tlog
D:\csc8506Team2\GraphicsFramework\Graphics\Debug\link.5708-cvtres.write.1.tlog
D:\csc8506Team2\GraphicsFramework\Graphics\Debug\link.5712.read.1.tlog
D:\csc8506Team2\GraphicsFramework\Graphics\Debug\link.5712.write.1.tlog
D:\csc8506Team2\GraphicsFramework\Graphics\Debug\link.5712-cvtres.read.1.tlog
D:\csc8506Team2\GraphicsFramework\Graphics\Debug\link.5712-cvtres.write.1.tlog
D:\csc8506Team2\GraphicsFramework\Graphics\Debug\link.5744.read.1.tlog
D:\csc8506Team2\GraphicsFramework\Graphics\Debug\link.5744.write.1.tlog
D:\csc8506Team2\GraphicsFramework\Graphics\Debug\link.5744-cvtres.read.1.tlog
D:\csc8506Team2\GraphicsFramework\Graphics\Debug\link.5744-cvtres.write.1.tlog
D:\csc8506Team2\GraphicsFramework\Graphics\Debug\link.5748.read.1.tlog
D:\csc8506Team2\GraphicsFramework\Graphics\Debug\link.5748.write.1.tlog
D:\csc8506Team2\GraphicsFramework\Graphics\Debug\link.5748-cvtres.read.1.tlog
D:\csc8506Team2\GraphicsFramework\Graphics\Debug\link.5748-cvtres.write.1.tlog
D:\csc8506Team2\GraphicsFramework\Graphics\Debug\link.5764.read.1.tlog
D:\csc8506Team2\GraphicsFramework\Graphics\Debug\link.5764.write.1.tlog
D:\csc8506Team2\GraphicsFramework\Graphics\Debug\link.5764-cvtres.read.1.tlog
D:\csc8506Team2\GraphicsFramework\Graphics\Debug\link.5764-cvtres.write.1.tlog
D:\csc8506Team2\GraphicsFramework\Graphics\Debug\link.5804.read.1.tlog
D:\csc8506Team2\GraphicsFramework\Graphics\Debug\link.5804.write.1.tlog
D:\csc8506Team2\GraphicsFramework\Graphics\Debug\link.5804-cvtres.read.1.tlog
D:\csc8506Team2\GraphicsFramework\Graphics\Debug\link.5804-cvtres.write.1.tlog
D:\csc8506Team2\GraphicsFramework\Graphics\Debug\link.5860.read.1.tlog
D:\csc8506Team2\GraphicsFramework\Graphics\Debug\link.5860.write.1.tlog
D:\csc8506Team2\GraphicsFramework\Graphics\Debug\link.5860-cvtres.read.1.tlog
D:\csc8506Team2\GraphicsFramework\Graphics\Debug\link.5860-cvtres.write.1.tlog
D:\csc8506Team2\GraphicsFramework\Graphics\Debug\link.5904.read.1.tlog
D:\csc8506Team2\GraphicsFramework\Graphics\Debug\link.5904.write.1.tlog
D:\csc8506Team2\GraphicsFramework\Graphics\Debug\link.5904-cvtres.read.1.tlog
D:\csc8506Team2\GraphicsFramework\Graphics\Debug\link.5904-cvtres.write.1.tlog
D:\csc8506Team2\GraphicsFramework\Graphics\Debug\link.5956.read.1.tlog
D:\csc8506Team2\GraphicsFramework\Graphics\Debug\link.5956.write.1.tlog
D:\csc8506Team2\GraphicsFramework\Graphics\Debug\link.5956-cvtres.read.1.tlog
D:\csc8506Team2\GraphicsFramework\Graphics\Debug\link.5956-cvtres.write.1.tlog
D:\csc8506Team2\GraphicsFramework\Graphics\Debug\link.6072.read.1.tlog
D:\csc8506Team2\GraphicsFramework\Graphics\Debug\link.6072.write.1.tlog
D:\csc8506Team2\GraphicsFramework\Graphics\Debug\link.6072-cvtres.read.1.tlog
D:\csc8506Team2\GraphicsFramework\Graphics\Debug\link.6072-cvtres.write.1.tlog
D:\csc8506Team2\GraphicsFramework\Graphics\Debug\link.6088.read.1.tlog
D:\csc8506Team2\GraphicsFramework\Graphics\Debug\link.6088.write.1.tlog
D:\csc8506Team2\GraphicsFramework\Graphics\Debug\link.6088-cvtres.read.1.tlog
D:\csc8506Team2\GraphicsFramework\Graphics\Debug\link.6088-cvtres.write.1.tlog
D:\csc8506Team2\GraphicsFramework\Graphics\Debug\link.968.read.1.tlog
D:\csc8506Team2\GraphicsFramework\Graphics\Debug\link.968.write.1.tlog
D:\csc8506Team2\GraphicsFramework\Graphics\Debug\link.968-cvtres.read.1.tlog
D:\csc8506Team2\GraphicsFramework\Graphics\Debug\link.968-cvtres.write.1.tlog
D:\csc8506Team2\GraphicsFramework\Graphics\Debug\link.command.1.tlog
D:\csc8506Team2\GraphicsFramework\Graphics\Debug\link.read.1.tlog
D:\csc8506Team2\GraphicsFramework\Graphics\Debug\link.write.1.tlog
D:\CSC8506TEAM2\GRAPHICSFRAMEWORK\GRAPHICS\DEBUG\LOADINGRENDERER.OBJ
D:\CSC8506TEAM2\GRAPHICSFRAMEWORK\GRAPHICS\DEBUG\LOADINGTHREAD.OBJ
D:\CSC8506TEAM2\GRAPHICSFRAMEWORK\GRAPHICS\DEBUG\MENURENDERER.OBJ
D:\csc8506Team2\GraphicsFramework\Graphics\Debug\mt.command.1.tlog
D:\csc8506Team2\GraphicsFramework\Graphics\Debug\mt.read.1.tlog
D:\csc8506Team2\GraphicsFramework\Graphics\Debug\mt.write.1.tlog
D:\CSC8506TEAM2\GRAPHICSFRAMEWORK\GRAPHICS\DEBUG\PARTICLEEMITTER.OBJ
D:\csc8506Team2\GraphicsFramework\Graphics\Debug\rc.command.1.tlog
D:\csc8506Team2\GraphicsFramework\Graphics\Debug\rc.read.1.tlog
D:\csc8506Team2\GraphicsFramework\Graphics\Debug\rc.write.1.tlog
D:\CSC8506TEAM2\GRAPHICSFRAMEWORK\GRAPHICS\DEBUG\RENDERER.OBJ
D:\CSC8506TEAM2\GRAPHICSFRAMEWORK\GRAPHICS\DEBUG\SPELLS.OBJ
D:\csc8506Team2\GraphicsFramework\Graphics\Debug\vc100.idb
D:\CSC8506TEAM2\GRAPHICSFRAMEWORK\GRAPHICS\DEBUG\VC100.PDB
D:\CSC8506TEAM2\GRAPHICSFRAMEWORK\GRAPHICS\DEBUG\WEATHEREMITTER.OBJ
